27-02-2022 19:52 : DEBUG - Connect to imap server
27-02-2022 19:52 : DEBUG - 1:EmailState[1]
27-02-2022 19:52 : DEBUG - 2:name 'EMAIL_FROM_FORM' is not defined)
27-02-2022 20:36 : DEBUG - Connect to imap server
27-02-2022 20:36 : DEBUG - Class: Общие письма, was added
27-02-2022 20:36 : DEBUG - Post form: marina_p2008@mail.ru, item:95065, Class: Общие письма 
27-02-2022 20:36 : DEBUG - Post form: inna-gab@yandex.ru, item:95066, Class: Общие письма 
27-02-2022 20:36 : DEBUG - Post form: ivanova.77755@yandex.ru, item:95067, Class: Общие письма 
27-02-2022 20:36 : DEBUG - Class: Изменение анкетных данных, was added
27-02-2022 20:36 : DEBUG - Post form: chulpan.xanova.17@mail.ru, item:95068, Class: Изменение анкетных данных 
27-02-2022 20:36 : DEBUG - Class: Только вложения, was added
27-02-2022 20:36 : DEBUG - Post form: paymentcenter@yoomoney.ru, item:95069, Class: Только вложения 
27-02-2022 20:36 : DEBUG - Post form: paymentcenter@yoomoney.ru, item:95070, Class: Только вложения 
27-02-2022 20:36 : DEBUG - Post form: paymentcenter@yoomoney.ru, item:95071, Class: Только вложения 
27-02-2022 20:36 : DEBUG - Post form: paymentcenter@yoomoney.ru, item:95072, Class: Только вложения 
27-02-2022 20:36 : DEBUG - Post form: dzarovnyaev@mail.ru, item:95073, Class: Общие письма 
27-02-2022 20:36 : DEBUG - Post form: paymentcenter@yoomoney.ru, item:95074, Class: Только вложения 
27-02-2022 20:36 : DEBUG - Post form: paymentcenter@yoomoney.ru, item:95075, Class: Только вложения 
27-02-2022 20:36 : DEBUG - Post form: paymentcenter@yoomoney.ru, item:95076, Class: Только вложения 
27-02-2022 20:36 : DEBUG - Post form: paymentcenter@yoomoney.ru, item:95077, Class: Только вложения 
27-02-2022 20:36 : DEBUG - Post form: paymentcenter@yoomoney.ru, item:95078, Class: Только вложения 
27-02-2022 20:36 : DEBUG - Post form: paymentcenter@yoomoney.ru, item:95079, Class: Только вложения 
27-02-2022 20:36 : DEBUG - Post form: paymentcenter@yoomoney.ru, item:95080, Class: Только вложения 
27-02-2022 20:36 : DEBUG - Post form: paymentcenter@yoomoney.ru, item:95081, Class: Только вложения 
27-02-2022 20:36 : DEBUG - Post form: paymentcenter@yoomoney.ru, item:95082, Class: Только вложения 
27-02-2022 20:36 : DEBUG - Class: Ошибка в оформлении, was added
27-02-2022 20:36 : DEBUG - Post form: alennikovaelena@mail.ru, item:95083, Class: Ошибка в оформлении 
27-02-2022 20:36 : DEBUG - Post form: paymentcenter@yoomoney.ru, item:95084, Class: Только вложения 
27-02-2022 20:36 : DEBUG - Post form: anyuta-spring@mail.ru, item:95085, Class: Общие письма 
27-02-2022 20:36 : DEBUG - Post form: paymentcenter@yoomoney.ru, item:95086, Class: Только вложения 
27-02-2022 20:36 : DEBUG - Post form: paymentcenter@yoomoney.ru, item:95087, Class: Только вложения 
27-02-2022 20:36 : DEBUG - Post form: paymentcenter@yoomoney.ru, item:95088, Class: Только вложения 
27-02-2022 20:36 : DEBUG - Post form: paymentcenter@yoomoney.ru, item:95089, Class: Только вложения 
27-02-2022 20:36 : DEBUG - Class: Конкурс, was added
27-02-2022 20:36 : DEBUG - Post form: 3_75@mail.ru, item:95090, Class: Конкурс 
27-02-2022 20:36 : DEBUG - Post form: paymentcenter@yoomoney.ru, item:95091, Class: Только вложения 
27-02-2022 20:36 : DEBUG - Post form: Mailer-Daemon@mail-1.eserver-ru.com, item:95092, Class: Конкурс 
27-02-2022 20:36 : DEBUG - Class: Сборник, was added
27-02-2022 20:36 : DEBUG - Post form: lena.fetisova.61@mail.ru, item:95093, Class: Сборник 
27-02-2022 20:36 : DEBUG - Post form: paymentcenter@yoomoney.ru, item:95094, Class: Только вложения 
27-02-2022 20:36 : DEBUG - Post form: paymentcenter@yoomoney.ru, item:95095, Class: Только вложения 
27-02-2022 20:36 : DEBUG - Post form: paymentcenter@yoomoney.ru, item:95096, Class: Только вложения 
27-02-2022 20:36 : DEBUG - Post form: mamae.olya@yandex.ru, item:95097, Class: Общие письма 
27-02-2022 20:36 : DEBUG - Post form: paymentcenter@yoomoney.ru, item:95098, Class: Только вложения 
27-02-2022 20:36 : DEBUG - Post form: paymentcenter@yoomoney.ru, item:95099, Class: Только вложения 
27-02-2022 20:36 : DEBUG - Post form: paymentcenter@yoomoney.ru, item:95100, Class: Только вложения 
27-02-2022 20:36 : DEBUG - Post form: oren-56@mail.ru, item:95101, Class: Общие письма 
27-02-2022 20:36 : DEBUG - Post form: paymentcenter@yoomoney.ru, item:95102, Class: Только вложения 
27-02-2022 20:36 : DEBUG - Post form: inna_lebedeva_88@mail.ru, item:95103, Class: Общие письма 
27-02-2022 20:36 : DEBUG - Post form: nevler69@mail.ru, item:95104, Class: Общие письма 
27-02-2022 20:36 : DEBUG - Post form: valentena07@mail.ru, item:95105, Class: Общие письма 
27-02-2022 20:36 : DEBUG - Class: Потеря диплома, was added
27-02-2022 20:36 : DEBUG - Post form: wenera.ru@mail.ru, item:95106, Class: Потеря диплома 
27-02-2022 20:36 : DEBUG - Post form: margorita1286@gmail.com, item:95107, Class: Общие письма 
27-02-2022 20:36 : DEBUG - Class: Запрос лицензии , was added
27-02-2022 20:36 : DEBUG - Post form: fio69@mail.ru, item:95108, Class: Запрос лицензии  
27-02-2022 20:36 : DEBUG - Post form: ms.basygysova@mail.ru, item:95109, Class: Общие письма 
27-02-2022 20:36 : DEBUG - Post form: mogotovo_school@mail.ru, item:95110, Class: Общие письма 
27-02-2022 20:36 : DEBUG - Class: Ошибка оплаты, was added
27-02-2022 20:36 : DEBUG - Post form: sportlk@mail.ru, item:95111, Class: Ошибка оплаты 
27-02-2022 20:36 : DEBUG - Post form: nadechda1999@mail.ru, item:95112, Class: Ошибка оплаты 
27-02-2022 20:36 : DEBUG - Post form: sportlk@mail.ru, item:95113, Class: Ошибка оплаты 
27-02-2022 20:36 : DEBUG - Class: Почтовые отправления, was added
27-02-2022 20:36 : DEBUG - Post form: strekalowa.mariya@yandex.ru, item:95114, Class: Почтовые отправления 
27-02-2022 20:36 : DEBUG - Post form: medveczkaya75@mail.ru, item:95115, Class: Общие письма 
27-02-2022 20:36 : DEBUG - Post form: natashakancarina@mail.ru, item:95116, Class: Общие письма 
27-02-2022 20:36 : DEBUG - Post form: zhozefina05@bk.ru, item:95117, Class: Общие письма 
27-02-2022 20:36 : DEBUG - Post form: mdoy-416@mail.ru, item:95118, Class: Общие письма 
27-02-2022 20:36 : DEBUG - Class: Оформление документов, was added
27-02-2022 20:36 : DEBUG - Post form: sugar-basin@mail.ru, item:95119, Class: Оформление документов 
27-02-2022 20:36 : DEBUG - Post form: skachkovasvetlana1@gmail.com, item:95120, Class: Только вложения 
27-02-2022 20:36 : DEBUG - Post form: tyagina1965@mail.ru, item:95121, Class: Общие письма 
27-02-2022 20:36 : DEBUG - Post form: 145ns@mail.ru, item:95122, Class: Общие письма 
27-02-2022 20:36 : DEBUG - Class: Вопросы организации, was added
27-02-2022 20:36 : DEBUG - Post form: shutatmi@yandex.ru, item:95123, Class: Вопросы организации 
27-02-2022 20:36 : DEBUG - Class: Материалы курсов, was added
27-02-2022 20:36 : DEBUG - Post form: s15772@yandex.ru, item:95124, Class: Материалы курсов 
27-02-2022 20:36 : DEBUG - Class: Запрос обратной связи, was added
27-02-2022 20:36 : DEBUG - Post form: manager@venyoo.ru, item:95125, Class: Запрос обратной связи 
27-02-2022 20:36 : DEBUG - Post form: manager@venyoo.ru, item:95126, Class: Запрос обратной связи 
27-02-2022 20:36 : DEBUG - Class: Ошибки в почте, was added
27-02-2022 20:36 : DEBUG - Post form: umkazaynalova@mail.ru, item:95127, Class: Ошибки в почте 
27-02-2022 20:36 : DEBUG - Post form: aw4668679@gmail.com, item:95128, Class: Ошибка оплаты 
27-02-2022 20:36 : DEBUG - Post form: manager@venyoo.ru, item:95129, Class: Запрос обратной связи 
27-02-2022 20:36 : DEBUG - Post form: ogbou_npo_pu_48@mail.ru, item:95130, Class: Ошибка оплаты 
27-02-2022 20:37 : DEBUG - Class: Тестирование, was added
27-02-2022 20:37 : DEBUG - Post form: manager@venyoo.ru, item:95131, Class: Тестирование 
27-02-2022 20:37 : DEBUG - Post form: manager@venyoo.ru, item:95132, Class: Запрос обратной связи 
27-02-2022 20:37 : DEBUG - Class: Отзыв о работе, was added
27-02-2022 20:37 : DEBUG - Post form: koltsyuk86@mail.ru, item:95133, Class: Отзыв о работе 
27-02-2022 20:37 : DEBUG - Post form: noshorova@gmail.com, item:95134, Class: Общие письма 
27-02-2022 20:37 : DEBUG - Post form: elenaa_1966@mail.ru, item:95135, Class: Общие письма 
27-02-2022 20:37 : DEBUG - Post form: furtaeva.l@mail.ru, item:95136, Class: Запрос лицензии  
27-02-2022 20:37 : DEBUG - Post form: gal.tomilova2014@yandex.ru, item:95137, Class: Запрос обратной связи 
27-02-2022 20:37 : DEBUG - Post form: volkova.ddyut@mail.ru, item:95138, Class: Общие письма 
27-02-2022 20:37 : DEBUG - Post form: gal.tomilova2014@yandex.ru, item:95139, Class: Оформление документов 
27-02-2022 20:37 : DEBUG - Post form: info@bonprix.ru, item:95140, Class: Ошибка оплаты 
27-02-2022 20:37 : DEBUG - Post form: katsevgenia1@rambler.ru, item:95141, Class: Тестирование 
27-02-2022 20:37 : DEBUG - Post form: utkin@tumtipb.ru, item:95142, Class: Ошибка оплаты 
27-02-2022 20:37 : DEBUG - Post form: marina.ryapolova.1984@mail.ru, item:95143, Class: Запрос лицензии  
27-02-2022 20:37 : DEBUG - Post form: info@mobiltest.ru, item:95144, Class: Только вложения 
27-02-2022 20:37 : DEBUG - Post form: olgakot31@mail.ru, item:95145, Class: Ошибки в почте 
27-02-2022 20:37 : DEBUG - Post form: rezeda.irzhigitova@yandex.ru, item:95146, Class: Тестирование 
27-02-2022 20:37 : DEBUG - Post form: morkov2@yandex.ru, item:95147, Class: Тестирование 
27-02-2022 20:37 : DEBUG - Post form: asmikarutunian65@mail.ru, item:95148, Class: Почтовые отправления 
27-02-2022 20:37 : DEBUG - Post form: sopk2020@bk.ru, item:95149, Class: Общие письма 
27-02-2022 20:37 : DEBUG - Class: nonreplay emails, was added
27-02-2022 20:37 : DEBUG - Post form: mailer-daemon@googlemail.com, item:95150, Class: nonreplay emails 
27-02-2022 20:37 : DEBUG - Post form: cgobova@mail.ru, item:95151, Class: Отзыв о работе 
27-02-2022 20:37 : DEBUG - Post form: blokhina.lera@bk.ru, item:95152, Class: Запрос обратной связи 
27-02-2022 20:37 : DEBUG - Class: Смена курса, was added
27-02-2022 20:37 : DEBUG - Post form: tepikina.mila@yandex.ru, item:95153, Class: Смена курса 
27-02-2022 20:37 : DEBUG - Post form: dgn19531@mail.ru, item:95154, Class: Отзыв о работе 
27-02-2022 20:37 : DEBUG - Post form: 9231935440@mail.ru, item:95155, Class: Ошибки в почте 
27-02-2022 20:37 : DEBUG - Post form: 9231935440@mail.ru, item:95156, Class: Ошибки в почте 
27-02-2022 20:37 : DEBUG - Post form: offline-messages@jivosite.com, item:95157, Class: Общие письма 
27-02-2022 20:37 : DEBUG - Post form: rezedatalkas@mail.ru, item:95158, Class: Тестирование 
27-02-2022 20:37 : DEBUG - Post form: gulnaz1228@mail.ru, item:95159, Class: Общие письма 
27-02-2022 20:37 : DEBUG - Post form: rezedatalkas@mail.ru, item:95160, Class: Тестирование 
27-02-2022 20:37 : DEBUG - Post form: e.artyhova@mail.ru, item:95161, Class: Отзыв о работе 
27-02-2022 20:37 : DEBUG - Post form: sadirova-gulnara@mail.ru, item:95162, Class: Общие письма 
27-02-2022 20:37 : DEBUG - Post form: baklakova@mail.ru, item:95163, Class: Общие письма 
27-02-2022 20:37 : DEBUG - Class: Договор, was added
27-02-2022 20:37 : DEBUG - Post form: kdk.novospasskoe@mail.ru, item:95164, Class: Договор 
27-02-2022 20:37 : DEBUG - Post form: inna-gab@yandex.ru, item:95165, Class: Общие письма 
27-02-2022 20:37 : DEBUG - Post form: yulya.danilchenko.78@mail.ru, item:95166, Class: Общие письма 
27-02-2022 20:37 : DEBUG - Class: Вопросы по оплате, was added
27-02-2022 20:37 : DEBUG - Post form: berezka_krbr@mail.ru, item:95167, Class: Вопросы по оплате 
27-02-2022 20:37 : DEBUG - Class: Вопросы по публикациям, was added
27-02-2022 20:37 : DEBUG - Post form: anarkul.tankayeva.68@bk.ru, item:95168, Class: Вопросы по публикациям 
27-02-2022 20:37 : DEBUG - Class: Курсы, was added
27-02-2022 20:37 : DEBUG - Post form: almira.galieva.2016@mail.ru, item:95169, Class: Курсы 
27-02-2022 20:37 : DEBUG - Post form: irin.rubtzova@yandex.ru, item:95170, Class: Почтовые отправления 
27-02-2022 20:37 : DEBUG - Post form: lori2112@mail.ru, item:95171, Class: Отзыв о работе 
27-02-2022 20:37 : DEBUG - Post form: alennikovaelena@mail.ru, item:95172, Class: Почтовые отправления 
27-02-2022 20:37 : DEBUG - Post form: jklio6969@mail.ru, item:95173, Class: Ошибки в почте 
27-02-2022 20:37 : DEBUG - Post form: alennikovaelena@mail.ru, item:95174, Class: Почтовые отправления 
27-02-2022 20:37 : DEBUG - Post form: lori2112@mail.ru, item:95175, Class: Ошибка оплаты 
27-02-2022 20:37 : DEBUG - Post form: lori2112@mail.ru, item:95176, Class: Ошибка оплаты 
27-02-2022 20:37 : DEBUG - Post form: frau.ba4urina2017@yandex.ru, item:95177, Class: Ошибка оплаты 
27-02-2022 20:37 : DEBUG - Post form: madelka-93@mail.ru, item:95178, Class: Общие письма 
27-02-2022 20:37 : DEBUG - Post form: frau.ba4urina2017@yandex.ru, item:95179, Class: Ошибка оплаты 
27-02-2022 20:37 : DEBUG - Post form: natasha-gaeva@mail.ru, item:95180, Class: Запрос обратной связи 
27-02-2022 20:37 : DEBUG - Class: Ошибки в оформлении, was added
27-02-2022 20:37 : DEBUG - Post form: 9231935440@mail.ru, item:95181, Class: Ошибки в оформлении 
27-02-2022 20:37 : DEBUG - Post form: bobur0818@mail.ru, item:95182, Class: Общие письма 
27-02-2022 20:37 : DEBUG - Post form: aleksandr@yagla.info, item:95183, Class: Смена курса 
27-02-2022 20:37 : DEBUG - Post form: alennikovaelena@mail.ru, item:95184, Class: Почтовые отправления 
27-02-2022 20:37 : DEBUG - Post form: nataladudarenkova15@gmail.com, item:95185, Class: Только вложения 
27-02-2022 20:37 : DEBUG - Post form: veraawerina@yandex.ru, item:95186, Class: Оформление документов 
27-02-2022 20:37 : DEBUG - Post form: komolova1989@list.ru, item:95187, Class: Ошибка оплаты 
27-02-2022 20:37 : DEBUG - Post form: lelik3535@rambler.ru, item:95188, Class: Запрос обратной связи 
27-02-2022 20:37 : DEBUG - Post form: zabota@luchznaniy.ru, item:95189, Class: Ошибки в почте 
27-02-2022 20:37 : DEBUG - Post form: issham74@mail.ru, item:95190, Class: Тестирование 
27-02-2022 20:37 : DEBUG - Post form: lady.stryukova@mail.ru, item:95191, Class: Запрос обратной связи 
27-02-2022 20:37 : DEBUG - Post form: goncharukel@yandex.ru, item:95192, Class: Общие письма 
27-02-2022 20:37 : DEBUG - Post form: maranta09.09.65@mail.ru, item:95193, Class: Общие письма 
27-02-2022 20:37 : DEBUG - Post form: Izibairovazina@mail.ru, item:95194, Class: Почтовые отправления 
27-02-2022 20:37 : DEBUG - Post form: elena.zaikina2015@gmail.com, item:95195, Class: Ошибка в оформлении 
27-02-2022 20:37 : DEBUG - Post form: 9231935440@mail.ru, item:95196, Class: Ошибки в почте 
27-02-2022 20:37 : DEBUG - Post form: zabota@luchznaniy.ru, item:95197, Class: Ошибка оплаты 
27-02-2022 20:37 : DEBUG - Post form: school59@inbox.ru, item:95198, Class: Общие письма 
27-02-2022 20:37 : DEBUG - Post form: overina.ekaterin@mail.ru, item:95199, Class: Курсы 
27-02-2022 20:37 : DEBUG - Post form: shargayta-skool@mail.ru, item:95200, Class: Общие письма 
27-02-2022 20:37 : DEBUG - Post form: larisa.orel.73@mail.ru, item:95201, Class: Ошибки в почте 
27-02-2022 20:37 : DEBUG - Post form: rafguz@mail.ru, item:95202, Class: Общие письма 
27-02-2022 20:37 : DEBUG - Post form: larisa.orel.73@mail.ru, item:95203, Class: Ошибки в почте 
27-02-2022 20:37 : DEBUG - Post form: oksanapresman030@gmail.com, item:95204, Class: Оформление документов 
27-02-2022 20:37 : DEBUG - Post form: foros.ru@mail.ru, item:95205, Class: Общие письма 
27-02-2022 20:37 : DEBUG - Post form: elena_zlatova@mail.ru, item:95206, Class: Оформление документов 
27-02-2022 20:37 : DEBUG - Post form: zabotinanna@gmail.com, item:95207, Class: Только вложения 
27-02-2022 20:37 : DEBUG - Post form: goldfish.84@mail.ru, item:95208, Class: Потеря диплома 
27-02-2022 20:37 : DEBUG - Post form: ole-lov@mail.ru, item:95209, Class: Ошибка оплаты 
27-02-2022 20:37 : DEBUG - Post form: detskiisad55_2011@mail.ru, item:95210, Class: Общие письма 
27-02-2022 20:37 : DEBUG - Post form: evgeniausckova@yandex.ru, item:95211, Class: Запрос лицензии  
27-02-2022 20:37 : DEBUG - Post form: kudimowa_yu@mail.ru, item:95212, Class: Отзыв о работе 
27-02-2022 20:37 : DEBUG - Post form: kafeeolga@mail.ru, item:95213, Class: Потеря диплома 
27-02-2022 20:37 : DEBUG - Post form: andoga_school@list.ru, item:95214, Class: Потеря диплома 
27-02-2022 20:37 : DEBUG - Post form: kam_muz_school@mail.ru, item:95215, Class: Ошибки в почте 
27-02-2022 20:37 : DEBUG - Post form: mailer-daemon@corp.mail.ru, item:95216, Class: nonreplay emails 
27-02-2022 20:37 : DEBUG - Post form: lyudmila_makarova_1974@mail.ru, item:95217, Class: Ошибка оплаты 
27-02-2022 20:37 : DEBUG - Post form: zabota@luchznaniy.ru, item:95218, Class: Ошибки в почте 
27-02-2022 20:37 : DEBUG - Post form: dealdi@bk.ru, item:95219, Class: Ошибка оплаты 
27-02-2022 20:37 : DEBUG - Post form: Programma-29@yandex.ru, item:95220, Class: Общие письма 
27-02-2022 20:37 : DEBUG - Post form: mzgolubkova@gmail.com, item:95221, Class: Почтовые отправления 
27-02-2022 20:37 : DEBUG - Post form: osemenova479@gmail.com, item:95222, Class: Смена курса 
27-02-2022 20:37 : DEBUG - Post form: gukosh84@yandex.kz, item:95223, Class: Общие письма 
27-02-2022 20:37 : DEBUG - Post form: alla.kochengina@yandex.ru, item:95224, Class: Курсы 
27-02-2022 20:37 : DEBUG - Post form: kristina_1010@mail.ru, item:95225, Class: Запрос лицензии  
27-02-2022 20:37 : DEBUG - Post form: offline-messages@jivosite.com, item:95226, Class: Ошибка оплаты 
27-02-2022 20:37 : DEBUG - Post form: offline-messages@jivosite.com, item:95227, Class: Ошибка оплаты 
27-02-2022 20:37 : DEBUG - Post form: offline-messages@jivosite.com, item:95228, Class: Ошибка оплаты 
27-02-2022 20:37 : DEBUG - Post form: offline-messages@jivosite.com, item:95229, Class: Ошибка оплаты 
27-02-2022 20:37 : DEBUG - Post form: zabshckola@mail.ru, item:95230, Class: Сборник 
27-02-2022 20:37 : DEBUG - Post form: andm4@mail.ru, item:95231, Class: Ошибка оплаты 
27-02-2022 20:37 : DEBUG - Post form: epirakova@mail.ru, item:95232, Class: Общие письма 
27-02-2022 20:37 : DEBUG - Post form: shagimuratova.natalya@yandex.ru, item:95233, Class: Почтовые отправления 
27-02-2022 20:37 : DEBUG - Post form: umkazaynalova@mail.ru, item:95234, Class: Потеря диплома 
27-02-2022 20:37 : DEBUG - Post form: sizevo@yandex.ru, item:95235, Class: Общие письма 
27-02-2022 20:37 : DEBUG - Post form: yassh_2@mail.ru, item:95236, Class: Общие письма 
27-02-2022 20:37 : DEBUG - Post form: elena-ruzieva@mail.ru, item:95237, Class: Смена курса 
27-02-2022 20:37 : DEBUG - Post form: offline-messages@jivosite.com, item:95238, Class: Ошибка оплаты 
27-02-2022 20:37 : DEBUG - Post form: offline-messages@jivosite.com, item:95239, Class: Ошибка оплаты 
27-02-2022 20:37 : DEBUG - Post form: offline-messages@jivosite.com, item:95240, Class: Ошибка оплаты 
27-02-2022 20:37 : DEBUG - Post form: umkazaynalova@mail.ru, item:95241, Class: Потеря диплома 
27-02-2022 20:37 : DEBUG - Post form: offline-messages@jivosite.com, item:95242, Class: Ошибка оплаты 
27-02-2022 20:37 : DEBUG - Class: Личный кабинет, was added
27-02-2022 20:37 : DEBUG - Post form: moudod.dmsh4.sar@yandex.ru, item:95243, Class: Личный кабинет 
27-02-2022 20:37 : DEBUG - Post form: guzel_aray@bk.ru, item:95244, Class: Запрос обратной связи 
27-02-2022 20:37 : DEBUG - Post form: nadya_kryukova_1980@mail.ru, item:95245, Class: Вопросы по публикациям 
27-02-2022 20:37 : DEBUG - Post form: pryazhentsev@yandex.ru, item:95246, Class: Ошибка оплаты 
27-02-2022 20:37 : DEBUG - Post form: merik.tanya@mail.ru, item:95247, Class: Общие письма 
27-02-2022 20:39 : DEBUG - Post form: elena-karpova-1976-mart@mail.ru, item:95248, Class: Почтовые отправления 
27-02-2022 20:39 : DEBUG - Post form: tevprk@mail.ru, item:95249, Class: Общие письма 
27-02-2022 20:39 : DEBUG - Post form: sveta_art_68@mail.ru, item:95250, Class: Почтовые отправления 
27-02-2022 20:39 : DEBUG - Post form: tanya-chist1@mail.ru, item:95251, Class: Общие письма 
27-02-2022 20:39 : DEBUG - Post form: tuganova.lara@gmail.com, item:95252, Class: Курсы 
27-02-2022 20:39 : DEBUG - Post form: anfisa.chebotareva.00@mail.ru, item:95253, Class: Вопросы по публикациям 
27-02-2022 20:39 : DEBUG - Post form: nadya_kryukova_1980@mail.ru, item:95254, Class: Ошибка оплаты 
27-02-2022 20:39 : DEBUG - Post form: severguo@mail.ru, item:95255, Class: Общие письма 
27-02-2022 20:39 : DEBUG - Post form: morilova60@mail.ru, item:95256, Class: Потеря диплома 
27-02-2022 20:39 : DEBUG - Post form: merzoevam06gmail.com@mail.ru, item:95257, Class: Потеря диплома 
27-02-2022 20:39 : DEBUG - Post form: baly4eva.svetlana@yandex.ru, item:95258, Class: Почтовые отправления 
27-02-2022 20:39 : DEBUG - Post form: lukahinad@mail.ru, item:95259, Class: Только вложения 
27-02-2022 20:39 : DEBUG - Post form: alborova-alena2012@yandex.ru, item:95260, Class: Запрос обратной связи 
27-02-2022 20:39 : DEBUG - Post form: offline-messages@jivosite.com, item:95261, Class: Ошибка оплаты 
27-02-2022 20:39 : DEBUG - Class: Возврат денег, was added
27-02-2022 20:39 : DEBUG - Post form: altunina.liliya@bk.ru, item:95262, Class: Возврат денег 
27-02-2022 20:39 : DEBUG - Post form: merzoevam06gmail.com@mail.ru, item:95263, Class: Потеря диплома 
27-02-2022 20:39 : DEBUG - Post form: zaborskayata12@yandex.ru, item:95264, Class: Вопросы по оплате 
27-02-2022 20:39 : DEBUG - Post form: gal.tomilova2014@yandex.ru, item:95265, Class: Вопросы по публикациям 
27-02-2022 20:39 : DEBUG - Post form: pilina81@mail.ru, item:95266, Class: Общие письма 
27-02-2022 20:39 : DEBUG - Post form: gal.tomilova2014@yandex.ru, item:95267, Class: Ошибка в оформлении 
27-02-2022 20:39 : DEBUG - Post form: offline-messages@jivosite.com, item:95268, Class: Ошибка оплаты 
27-02-2022 20:39 : DEBUG - Post form: zaborskayata12@yandex.ru, item:95269, Class: Только вложения 
27-02-2022 20:39 : DEBUG - Post form: morilova60@mail.ru, item:95270, Class: Потеря диплома 
27-02-2022 20:39 : DEBUG - Post form: a-kardava@bk.ru, item:95271, Class: Потеря диплома 
27-02-2022 20:39 : DEBUG - Post form: zaborskayata12@yandex.ru, item:95272, Class: Только вложения 
27-02-2022 20:39 : DEBUG - Post form: offline-messages@jivosite.com, item:95273, Class: Общие письма 
27-02-2022 20:40 : DEBUG - Post form: yekaterina-sidorova-77-77@mail.ru, item:95274, Class: Потеря диплома 
27-02-2022 20:40 : DEBUG - Post form: a-kardava@bk.ru, item:95275, Class: Потеря диплома 
27-02-2022 20:40 : DEBUG - Post form: lukahinad@mail.ru, item:95276, Class: Только вложения 
27-02-2022 20:40 : DEBUG - Post form: morilova60@mail.ru, item:95277, Class: Потеря диплома 
27-02-2022 20:40 : DEBUG - Post form: merzoevam06gmail.com@mail.ru, item:95278, Class: Ошибка в оформлении 
27-02-2022 20:40 : DEBUG - Post form: merzoevam06gmail.com@mail.ru, item:95279, Class: Ошибка в оформлении 
27-02-2022 20:40 : DEBUG - Post form: klavdiya.sel@yandex.ru, item:95280, Class: Вопросы организации 
27-02-2022 20:40 : DEBUG - Post form: zabota@luchznaniy.ru, item:95281, Class: Тестирование 
27-02-2022 20:40 : DEBUG - Post form: rodionova88855@mail.ru, item:95282, Class: Материалы курсов 
27-02-2022 20:40 : DEBUG - Post form: morilova60@mail.ru, item:95283, Class: Ошибка в оформлении 
27-02-2022 20:40 : DEBUG - Post form: lyanchik555@mail.ru, item:95284, Class: Почтовые отправления 
27-02-2022 20:40 : DEBUG - Post form: merzoevam06gmail.com@mail.ru, item:95285, Class: Ошибка в оформлении 
27-02-2022 20:40 : DEBUG - Post form: gago260881@mail.ru, item:95286, Class: Тестирование 
27-02-2022 20:40 : DEBUG - Post form: elenakurluk@mail.ru, item:95287, Class: Общие письма 
27-02-2022 20:40 : DEBUG - Post form: mailer-daemon@corp.mail.ru, item:95288, Class: nonreplay emails 
27-02-2022 20:40 : DEBUG - Post form: d1.azn@mail.ru, item:95289, Class: Общие письма 
27-02-2022 20:40 : DEBUG - Post form: irinatsis@mail.ru, item:95290, Class: Общие письма 
27-02-2022 20:40 : DEBUG - Post form: shenne82@mail.ru, item:95291, Class: Общие письма 
27-02-2022 20:40 : DEBUG - Post form: alb-zhereshtieva@yandex.ru, item:95292, Class: Оформление документов 
27-02-2022 20:40 : DEBUG - Post form: evt-gal69@mail.ru, item:95293, Class: Ошибка оплаты 
27-02-2022 20:40 : DEBUG - Post form: kotovo-shcoll-2012@yandex.ru, item:95294, Class: Общие письма 
27-02-2022 20:40 : DEBUG - Post form: krawtsowa.alevtina@yandex.ru, item:95295, Class: Отзыв о работе 
27-02-2022 20:40 : DEBUG - Post form: miant@yandex.ru, item:95296, Class: Смена курса 
27-02-2022 20:40 : DEBUG - Post form: svetlana.kalinina.0310@mail.ru, item:95297, Class: Тестирование 
27-02-2022 20:40 : DEBUG - Post form: miant@yandex.ru, item:95298, Class: Общие письма 
27-02-2022 20:40 : DEBUG - Post form: miant@yandex.ru, item:95299, Class: Смена курса 
27-02-2022 20:40 : DEBUG - Post form: irina.sotnikova87@mail.ru, item:95300, Class: Общие письма 
27-02-2022 20:40 : DEBUG - Post form: marianna_1990@bk.ru, item:95301, Class: Общие письма 
27-02-2022 20:40 : DEBUG - Post form: regina01lera@mail.ru, item:95302, Class: Потеря диплома 
27-02-2022 20:40 : DEBUG - Post form: zs.javakhyan97@list.ru, item:95303, Class: Только вложения 
27-02-2022 20:40 : DEBUG - Post form: gladkova-tanya@mail.ru, item:95304, Class: Ошибка оплаты 
27-02-2022 20:40 : DEBUG - Post form: kdk.novospasskoe@mail.ru, item:95305, Class: Отзыв о работе 
27-02-2022 20:40 : DEBUG - Post form: offline-messages@jivosite.com, item:95306, Class: Ошибка оплаты 
27-02-2022 20:40 : DEBUG - Post form: speranskaya61@mail.ru, item:95307, Class: Потеря диплома 
27-02-2022 20:40 : DEBUG - Post form: natly182@mail.ru, item:95308, Class: Общие письма 
27-02-2022 20:40 : DEBUG - Post form: t.bazhenova72@mail.ru, item:95309, Class: Общие письма 
27-02-2022 20:40 : DEBUG - Post form: Mailer-Daemon@mail-1.eserver-ru.com, item:95310, Class: Конкурс 
27-02-2022 20:40 : DEBUG - Post form: Ktv61@yandex.ru, item:95311, Class: Общие письма 
27-02-2022 20:40 : DEBUG - Post form: natasha.borovaya2010@yandex.ru, item:95312, Class: Материалы курсов 
27-02-2022 20:40 : DEBUG - Post form: fasttop@mail.ru, item:95313, Class: Ошибка оплаты 
27-02-2022 20:40 : DEBUG - Post form: danilova197808@mail.ru, item:95314, Class: Общие письма 
27-02-2022 20:40 : DEBUG - Post form: oksanavyatkinakoroleva@mail.ru, item:95315, Class: Запрос обратной связи 
27-02-2022 20:40 : DEBUG - Post form: valentina0208@bk.ru, item:95316, Class: Запрос обратной связи 
27-02-2022 20:40 : DEBUG - Post form: gridnevatania@mail.ru, item:95317, Class: Общие письма 
27-02-2022 20:40 : DEBUG - Post form: offline-messages@jivosite.com, item:95318, Class: Ошибка оплаты 
27-02-2022 20:40 : DEBUG - Post form: offline-messages@jivosite.com, item:95319, Class: Ошибка оплаты 
27-02-2022 20:40 : DEBUG - Post form: baranas59@mail.ru, item:95320, Class: Общие письма 
27-02-2022 20:40 : DEBUG - Post form: oksana-klubnichka92@mail.ru, item:95321, Class: Вопросы по публикациям 
27-02-2022 20:40 : DEBUG - Post form: irinaborzilowa@yandex.ru, item:95322, Class: Ошибка в оформлении 
27-02-2022 20:40 : DEBUG - Post form: offline-messages@jivosite.com, item:95323, Class: Ошибка оплаты 
27-02-2022 20:40 : DEBUG - Post form: offline-messages@jivosite.com, item:95324, Class: Потеря диплома 
27-02-2022 20:40 : DEBUG - Post form: cherkashina.elizaveta@yandex.ru, item:95325, Class: Общие письма 
27-02-2022 20:40 : DEBUG - Post form: offline-messages@jivosite.com, item:95326, Class: Ошибка оплаты 
27-02-2022 20:40 : DEBUG - Post form: irinaborzilowa@yandex.ru, item:95327, Class: Вопросы по публикациям 
27-02-2022 20:40 : DEBUG - Post form: gago260881@mail.ru, item:95328, Class: Ошибка оплаты 
27-02-2022 20:40 : DEBUG - Post form: vasicktat@yandex.ru, item:95329, Class: Ошибка оплаты 
27-02-2022 20:40 : DEBUG - Post form: potapovavd@yandex.ru, item:95330, Class: Ошибка оплаты 
27-02-2022 20:40 : DEBUG - Post form: economist.ewda@mail.ru, item:95331, Class: Почтовые отправления 
27-02-2022 20:40 : DEBUG - Post form: polyanina.lida@mail.ru, item:95332, Class: Потеря диплома 
27-02-2022 20:40 : DEBUG - Post form: stenkina500@gmail.com, item:95333, Class: Запрос обратной связи 
27-02-2022 20:40 : DEBUG - Post form: potapovavd@yandex.ru, item:95334, Class: Ошибка оплаты 
27-02-2022 20:40 : DEBUG - Post form: gago260881@mail.ru, item:95335, Class: Ошибка оплаты 
27-02-2022 20:40 : DEBUG - Post form: olga200478@list.ru, item:95336, Class: Общие письма 
27-02-2022 20:40 : DEBUG - Post form: irinaborzilowa@yandex.ru, item:95337, Class: Ошибка оплаты 
27-02-2022 20:40 : DEBUG - Post form: blog-cor@yandex.ru, item:95338, Class: Общие письма 
27-02-2022 20:40 : DEBUG - Post form: offline-messages@jivosite.com, item:95339, Class: Ошибка оплаты 
27-02-2022 20:40 : DEBUG - Post form: rimmaterekhova.1981@mail.ru, item:95340, Class: Потеря диплома 
27-02-2022 20:40 : DEBUG - Post form: offline-messages@jivosite.com, item:95341, Class: Ошибка оплаты 
27-02-2022 20:40 : DEBUG - Post form: offline-messages@jivosite.com, item:95342, Class: Ошибка оплаты 
27-02-2022 20:40 : DEBUG - Post form: julia-v02@mail.ru, item:95343, Class: Ошибки в почте 
27-02-2022 20:40 : DEBUG - Post form: gpanycheva@mail.ru, item:95344, Class: Общие письма 
27-02-2022 20:40 : DEBUG - Post form: offline-messages@jivosite.com, item:95345, Class: Ошибка оплаты 
27-02-2022 20:40 : DEBUG - Post form: an-pankratov@mail.ru, item:95346, Class: Общие письма 
27-02-2022 20:40 : DEBUG - Post form: okulintsevamarina@yandex.ru, item:95347, Class: Потеря диплома 
27-02-2022 20:40 : DEBUG - Post form: okulintsevamarina@yandex.ru, item:95348, Class: Вопросы организации 
27-02-2022 20:40 : DEBUG - Post form: tanya.pleshkova.88@mail.ru, item:95349, Class: Смена курса 
27-02-2022 20:40 : DEBUG - Post form: latupova31031963@mail.ru, item:95350, Class: Почтовые отправления 
27-02-2022 20:40 : DEBUG - Post form: rinscom@yandex.ru, item:95351, Class: Почтовые отправления 
27-02-2022 20:40 : DEBUG - Post form: aleksandra_karimullina@mail.ru, item:95352, Class: Почтовые отправления 
27-02-2022 20:40 : DEBUG - Post form: sdf1963@mail.ru, item:95353, Class: Общие письма 
27-02-2022 20:41 : DEBUG - Post form: dreamwill@icloud.com, item:95354, Class: Почтовые отправления 
27-02-2022 20:41 : DEBUG - Post form: kidanova.elena2017@yandex.ru, item:95355, Class: Почтовые отправления 
27-02-2022 20:41 : DEBUG - Post form: matievamadina04@gmail.com, item:95356, Class: Потеря диплома 
27-02-2022 20:41 : DEBUG - Post form: d.sad27@mail.ru, item:95357, Class: Общие письма 
27-02-2022 20:41 : DEBUG - Post form: nikolaibelogubec@mail.ru, item:95358, Class: Общие письма 
27-02-2022 20:41 : DEBUG - Post form: romanchenko_1974@mail.ru, item:95359, Class: Вопросы по публикациям 
27-02-2022 20:41 : DEBUG - Class: Сертификат, was added
27-02-2022 20:41 : DEBUG - Post form: boltu.1974@mail.ru, item:95360, Class: Сертификат 
27-02-2022 20:41 : DEBUG - Post form: selishchevskaya@mail.ru, item:95361, Class: Курсы 
27-02-2022 20:41 : DEBUG - Class: Заявка на колективное обучение, was added
27-02-2022 20:41 : DEBUG - Post form: elena-solina@mail.ru, item:95362, Class: Заявка на колективное обучение 
27-02-2022 20:41 : DEBUG - Post form: komar-tanechka@mail.ru, item:95363, Class: Общие письма 
27-02-2022 20:41 : DEBUG - Post form: naberss@mail.ru, item:95364, Class: Общие письма 
27-02-2022 20:41 : DEBUG - Post form: tludmila990@gmail.com, item:95365, Class: Ошибка оплаты 
27-02-2022 20:41 : DEBUG - Post form: borodinaie@yandex.ru, item:95366, Class: Почтовые отправления 
27-02-2022 20:41 : DEBUG - Post form: galya.povesma.80@mail.ru, item:95367, Class: Ошибка оплаты 
27-02-2022 20:41 : DEBUG - Post form: soenko77@mail.ru, item:95368, Class: Общие письма 
27-02-2022 20:41 : DEBUG - Post form: allakoch13@mail.ru, item:95369, Class: Ошибка оплаты 
27-02-2022 20:41 : DEBUG - Post form: sopk2020@bk.ru, item:95370, Class: Общие письма 
27-02-2022 20:41 : DEBUG - Post form: borodinaie@yandex.ru, item:95371, Class: Материалы курсов 
27-02-2022 20:41 : DEBUG - Post form: natali.terenteva.81@mail.ru, item:95372, Class: Общие письма 
27-02-2022 20:41 : DEBUG - Post form: julia-v02@mail.ru, item:95373, Class: Ошибки в почте 
27-02-2022 20:41 : DEBUG - Post form: kristina.d93@mail.ru, item:95374, Class: Общие письма 
27-02-2022 20:41 : DEBUG - Post form: lenamark@inbox.ru, item:95375, Class: Общие письма 
27-02-2022 20:41 : DEBUG - Post form: anym136@mail.ru, item:95376, Class: Общие письма 
27-02-2022 20:41 : DEBUG - Post form: lena.fetisova.61@mail.ru, item:95377, Class: Вопросы по публикациям 
27-02-2022 20:41 : DEBUG - Post form: spekhova.arina@yandex.ru, item:95378, Class: Общие письма 
27-02-2022 20:41 : DEBUG - Post form: lyudmila.olshanskaya@mail.ru, item:95379, Class: Общие письма 
27-02-2022 20:41 : DEBUG - Post form: asetumalatova77@mail.ru, item:95380, Class: Общие письма 
27-02-2022 20:41 : DEBUG - Post form: marina.alekhina87@mail.ru, item:95381, Class: Общие письма 
27-02-2022 20:41 : DEBUG - Post form: karaman_aral@mail.ru, item:95382, Class: Тестирование 
27-02-2022 20:41 : DEBUG - Post form: zabiaka.1985@mail.ru, item:95383, Class: Общие письма 
27-02-2022 20:41 : DEBUG - Post form: bajshapanova@inbox.ru, item:95384, Class: Тестирование 
27-02-2022 20:41 : DEBUG - Post form: nelid.shkola-sad@mail.ru, item:95385, Class: Общие письма 
27-02-2022 20:41 : DEBUG - Post form: ya.rodnichok89@yandex.ru, item:95386, Class: Общие письма 
27-02-2022 20:41 : DEBUG - Post form: taranenko70@mail.ru, item:95387, Class: Общие письма 
27-02-2022 20:41 : DEBUG - Post form: tamarailyuchenko@gmail.com, item:95388, Class: Почтовые отправления 
27-02-2022 20:41 : DEBUG - Post form: paymentcenter@yoomoney.ru, item:95389, Class: Только вложения 
27-02-2022 20:41 : DEBUG - Post form: paymentcenter@yoomoney.ru, item:95390, Class: Только вложения 
27-02-2022 20:41 : DEBUG - Post form: paymentcenter@yoomoney.ru, item:95391, Class: Только вложения 
27-02-2022 20:41 : DEBUG - Post form: paymentcenter@yoomoney.ru, item:95392, Class: Только вложения 
27-02-2022 20:41 : DEBUG - Post form: paymentcenter@yoomoney.ru, item:95393, Class: Только вложения 
27-02-2022 20:41 : DEBUG - Post form: paymentcenter@yoomoney.ru, item:95394, Class: Только вложения 
27-02-2022 20:41 : DEBUG - Post form: paymentcenter@yoomoney.ru, item:95395, Class: Только вложения 
27-02-2022 20:41 : DEBUG - Class: Адрес, was added
27-02-2022 20:41 : DEBUG - Post form: 205755khv@gmail.com, item:95396, Class: Адрес 
27-02-2022 20:41 : DEBUG - Post form: mailer-daemon@googlemail.com, item:95397, Class: nonreplay emails 
27-02-2022 20:41 : DEBUG - Post form: mnimnimvv1504@mail.ru, item:95398, Class: Общие письма 
27-02-2022 20:41 : DEBUG - Post form: irina.1981-1981@mail.ru, item:95399, Class: Общие письма 
27-02-2022 20:41 : DEBUG - Post form: paymentcenter@yoomoney.ru, item:95400, Class: Только вложения 
27-02-2022 20:41 : DEBUG - Post form: otabanova@mail.ru, item:95401, Class: Общие письма 
27-02-2022 20:41 : DEBUG - Post form: paymentcenter@yoomoney.ru, item:95402, Class: Только вложения 
27-02-2022 20:41 : DEBUG - Post form: paymentcenter@yoomoney.ru, item:95403, Class: Только вложения 
27-02-2022 20:41 : DEBUG - Post form: bahridinovs90@gmail.com, item:95404, Class: Конкурс 
27-02-2022 20:41 : DEBUG - Post form: paymentcenter@yoomoney.ru, item:95405, Class: Только вложения 
27-02-2022 20:41 : DEBUG - Post form: paymentcenter@yoomoney.ru, item:95406, Class: Только вложения 
27-02-2022 20:41 : DEBUG - Post form: paymentcenter@yoomoney.ru, item:95407, Class: Только вложения 
27-02-2022 20:41 : DEBUG - Post form: paymentcenter@yoomoney.ru, item:95408, Class: Только вложения 
27-02-2022 20:41 : DEBUG - Post form: galina.shpak.74@mail.ru, item:95409, Class: Общие письма 
27-02-2022 20:41 : DEBUG - Post form: paymentcenter@yoomoney.ru, item:95410, Class: Только вложения 
27-02-2022 20:41 : DEBUG - Post form: tryasinka84@list.ru, item:95411, Class: Оформление документов 
27-02-2022 20:41 : DEBUG - Post form: zabota@luchznaniy.ru, item:95412, Class: Ошибки в почте 
27-02-2022 20:41 : DEBUG - Post form: paymentcenter@yoomoney.ru, item:95413, Class: Только вложения 
27-02-2022 20:41 : DEBUG - Post form: v.n.m@bk.ru, item:95414, Class: Общие письма 
27-02-2022 20:41 : DEBUG - Post form: g.novi4enko2017@yandex.ru, item:95415, Class: Только вложения 
27-02-2022 20:41 : DEBUG - Post form: paymentcenter@yoomoney.ru, item:95416, Class: Только вложения 
27-02-2022 20:41 : DEBUG - Post form: paymentcenter@yoomoney.ru, item:95417, Class: Только вложения 
27-02-2022 20:41 : DEBUG - Post form: paymentcenter@yoomoney.ru, item:95418, Class: Только вложения 
27-02-2022 20:41 : DEBUG - Post form: paymentcenter@yoomoney.ru, item:95419, Class: Только вложения 
27-02-2022 20:41 : DEBUG - Post form: paymentcenter@yoomoney.ru, item:95420, Class: Только вложения 
27-02-2022 20:41 : DEBUG - Class: Скидки, was added
27-02-2022 20:41 : DEBUG - Post form: nkalami-sch6@mail.ru, item:95421, Class: Скидки 
27-02-2022 20:41 : DEBUG - Post form: paymentcenter@yoomoney.ru, item:95422, Class: Только вложения 
27-02-2022 20:41 : DEBUG - Post form: kagirova.72@mail.ru, item:95423, Class: Общие письма 
27-02-2022 20:41 : DEBUG - Post form: paymentcenter@yoomoney.ru, item:95424, Class: Только вложения 
27-02-2022 20:41 : DEBUG - Post form: paymentcenter@yoomoney.ru, item:95425, Class: Только вложения 
27-02-2022 20:42 : DEBUG - Post form: paymentcenter@yoomoney.ru, item:95426, Class: Только вложения 
27-02-2022 20:42 : DEBUG - Post form: paymentcenter@yoomoney.ru, item:95427, Class: Только вложения 
27-02-2022 20:42 : DEBUG - Post form: tatyanagorohovam@mail.ru, item:95428, Class: Общие письма 
27-02-2022 20:42 : DEBUG - Post form: svkostina14.10@mail.ru, item:95429, Class: Общие письма 
27-02-2022 20:42 : DEBUG - Post form: mariafomina013@gmail.com, item:95430, Class: Почтовые отправления 
27-02-2022 20:42 : DEBUG - Post form: rustmaize@mail.ru, item:95431, Class: Общие письма 
27-02-2022 20:42 : DEBUG - Post form: tanyagrafennina1968@gmail.com, item:95432, Class: Ошибка оплаты 
27-02-2022 20:42 : DEBUG - Post form: ya9635336468@yandex.ru, item:95433, Class: Запрос обратной связи 
27-02-2022 20:42 : DEBUG - Post form: yana11072001y@mail.ru, item:95434, Class: Почтовые отправления 
27-02-2022 20:42 : DEBUG - Post form: dara_radyzhnyi@mail.ru, item:95435, Class: Почтовые отправления 
27-02-2022 20:42 : DEBUG - Post form: egorovasholk@gmail.com, item:95436, Class: Материалы курсов 
27-02-2022 20:42 : DEBUG - Post form: gella-9@mail.ru, item:95437, Class: Ошибка оплаты 
27-02-2022 20:42 : DEBUG - Post form: lyudmila.ushakova.61@mail.ru, item:95438, Class: Общие письма 
27-02-2022 20:42 : DEBUG - Class: Потеря сертификатов, was added
27-02-2022 20:42 : DEBUG - Post form: elena-ruzieva@mail.ru, item:95439, Class: Потеря сертификатов 
27-02-2022 20:42 : DEBUG - Post form: mailer-daemon@corp.mail.ru, item:95440, Class: nonreplay emails 
27-02-2022 20:42 : DEBUG - Post form: baminet@list.ru, item:95441, Class: Адрес 
27-02-2022 20:42 : DEBUG - Post form: zabota@luchznaniy.ru, item:95442, Class: Ошибки в почте 
27-02-2022 20:42 : DEBUG - Post form: youngdeaness@mail.ru, item:95443, Class: Почтовые отправления 
27-02-2022 20:42 : DEBUG - Post form: tepikina.mila@yandex.ru, item:95444, Class: Вопросы по публикациям 
27-02-2022 20:42 : DEBUG - Post form: furtaeva.l@mail.ru, item:95445, Class: Запрос лицензии  
27-02-2022 20:42 : DEBUG - Post form: gta.53@mail.ru, item:95446, Class: Общие письма 
27-02-2022 20:42 : DEBUG - Post form: aminetbogus283@gmail.com, item:95447, Class: Только вложения 
27-02-2022 20:42 : DEBUG - Post form: manager@venyoo.ru, item:95448, Class: Запрос обратной связи 
27-02-2022 20:42 : DEBUG - Post form: manager@venyoo.ru, item:95449, Class: Запрос обратной связи 
27-02-2022 20:42 : DEBUG - Post form: yana11072001y@mail.ru, item:95450, Class: Ошибки в почте 
27-02-2022 20:42 : DEBUG - Post form: natasha.novikova.1982@mail.ru, item:95451, Class: Тестирование 
27-02-2022 20:42 : DEBUG - Post form: manager@venyoo.ru, item:95452, Class: Запрос обратной связи 
27-02-2022 20:42 : DEBUG - Post form: raditsa_kpt@mail.ru, item:95453, Class: Материалы курсов 
27-02-2022 20:42 : DEBUG - Post form: manager@venyoo.ru, item:95454, Class: Тестирование 
27-02-2022 20:42 : DEBUG - Post form: manager@venyoo.ru, item:95455, Class: Запрос обратной связи 
27-02-2022 20:42 : DEBUG - Post form: svetaydentseva@gmail.com, item:95456, Class: Материалы курсов 
27-02-2022 20:42 : DEBUG - Post form: irenailyena2204@mail.ru, item:95457, Class: Запрос обратной связи 
27-02-2022 20:42 : DEBUG - Post form: valia.spirina2016@yandex.ru, item:95458, Class: Тестирование 
27-02-2022 20:42 : DEBUG - Post form: valia.spirina2016@yandex.ru, item:95459, Class: Почтовые отправления 
27-02-2022 20:42 : DEBUG - Post form: info@bonprix.ru, item:95460, Class: Ошибка оплаты 
27-02-2022 20:42 : DEBUG - Post form: zabota@luchznaniy.ru, item:95461, Class: Ошибки в почте 
27-02-2022 20:42 : DEBUG - Post form: asinka83@mail.ru, item:95462, Class: Запрос обратной связи 
27-02-2022 20:42 : DEBUG - Post form: arcenevaen86@mail.ru, item:95463, Class: Только вложения 
27-02-2022 20:42 : DEBUG - Post form: egorovasholk@gmail.com, item:95464, Class: Почтовые отправления 
27-02-2022 20:42 : DEBUG - Post form: eranskaya2009@mail.ru, item:95465, Class: Ошибки в почте 
27-02-2022 20:42 : DEBUG - Post form: utkin@tumtipb.ru, item:95466, Class: Ошибка оплаты 
27-02-2022 20:42 : DEBUG - Post form: zabota@luchznaniy.ru, item:95467, Class: Ошибки в почте 
27-02-2022 20:42 : DEBUG - Post form: natasha.novikova.1982@mail.ru, item:95468, Class: Потеря диплома 
27-02-2022 20:42 : DEBUG - Post form: ninshik.mart@mail.ru, item:95469, Class: Почтовые отправления 
27-02-2022 20:42 : DEBUG - Post form: larisa.0376@mail.ru, item:95470, Class: Заявка на колективное обучение 
27-02-2022 20:42 : DEBUG - Post form: oksik.belka@mail.ru, item:95471, Class: Общие письма 
27-02-2022 20:42 : DEBUG - Post form: Programma-29@yandex.ru, item:95472, Class: Общие письма 
27-02-2022 20:42 : DEBUG - Post form: ms.bodnarchuk@bk.ru, item:95473, Class: Адрес 
27-02-2022 20:42 : DEBUG - Post form: zabota@luchznaniy.ru, item:95474, Class: Ошибки в почте 
27-02-2022 20:42 : DEBUG - Post form: alla-alla2103@yandex.ru, item:95475, Class: Адрес 
27-02-2022 20:42 : DEBUG - Post form: lrmur98@mail.ru, item:95476, Class: Общие письма 
27-02-2022 20:42 : DEBUG - Post form: mailer-daemon@corp.mail.ru, item:95477, Class: nonreplay emails 
27-02-2022 20:42 : DEBUG - Post form: a-shavalova@mail.ru, item:95478, Class: Запрос обратной связи 
27-02-2022 20:42 : DEBUG - Post form: mailer-daemon@corp.mail.ru, item:95479, Class: nonreplay emails 
27-02-2022 20:42 : DEBUG - Post form: zhatkina1962@gmail.com, item:95480, Class: Общие письма 
27-02-2022 20:42 : DEBUG - Post form: stepnovskaya.shkola@mail.ru, item:95481, Class: Общие письма 
27-02-2022 20:42 : DEBUG - Post form: etnos72@mail.ru, item:95482, Class: Вопросы по оплате 
27-02-2022 20:42 : DEBUG - Post form: balgazinv@mail.ru, item:95483, Class: Общие письма 
27-02-2022 20:42 : DEBUG - Post form: lisanatl911@gmail.com, item:95484, Class: Только вложения 
27-02-2022 20:42 : DEBUG - Post form: vitaliy777.bot@gmail.com, item:95485, Class: Только вложения 
27-02-2022 20:42 : DEBUG - Post form: lisanatl911@gmail.com, item:95486, Class: Только вложения 
27-02-2022 20:42 : DEBUG - Post form: fiona73@bk.ru, item:95487, Class: Оформление документов 
27-02-2022 20:42 : DEBUG - Post form: offline-messages@jivosite.com, item:95488, Class: Ошибка оплаты 
27-02-2022 20:42 : DEBUG - Post form: yana11072001y@mail.ru, item:95489, Class: Ошибка оплаты 
27-02-2022 20:42 : DEBUG - Post form: marya.fedotova2017@yandex.ru, item:95490, Class: Потеря диплома 
27-02-2022 20:42 : DEBUG - Post form: sveta.yashina.68@list.ru, item:95491, Class: Почтовые отправления 
27-02-2022 20:42 : DEBUG - Post form: marya.fedotova2017@yandex.ru, item:95492, Class: Потеря диплома 
27-02-2022 20:42 : DEBUG - Post form: gnn1986@yandex.ru, item:95493, Class: Общие письма 
27-02-2022 20:42 : DEBUG - Post form: borismoiseev6697@gmail.com, item:95494, Class: Ошибки в почте 
27-02-2022 20:42 : DEBUG - Post form: evt-gal69@mail.ru, item:95495, Class: Ошибка оплаты 
27-02-2022 20:43 : DEBUG - Post form: yana11072001y@mail.ru, item:95496, Class: Ошибка оплаты 
27-02-2022 20:43 : DEBUG - Post form: goncharukel@yandex.ru, item:95497, Class: Общие письма 
27-02-2022 20:43 : DEBUG - Post form: valamorokov@gmail.com, item:95498, Class: Почтовые отправления 
27-02-2022 20:43 : DEBUG - Post form: 59mss@mail.ru, item:95499, Class: Общие письма 
27-02-2022 20:43 : DEBUG - Post form: ovb7@mail.ru, item:95500, Class: Курсы 
27-02-2022 20:43 : DEBUG - Post form: elena.perevalova.1967@mail.ru, item:95501, Class: Заявка на колективное обучение 
27-02-2022 20:43 : DEBUG - Post form: gal.tomilova2014@yandex.ru, item:95502, Class: Оформление документов 
27-02-2022 20:43 : DEBUG - Post form: kriger-0202@mail.ru, item:95503, Class: Общие письма 
27-02-2022 20:43 : DEBUG - Post form: vadsiz@icloud.com, item:95504, Class: Сборник 
27-02-2022 20:43 : DEBUG - Post form: evseenko.lizochka@mail.ru, item:95505, Class: Общие письма 
27-02-2022 20:43 : DEBUG - Post form: merzoevam06gmail.com@mail.ru, item:95506, Class: Ошибка в оформлении 
27-02-2022 20:43 : DEBUG - Post form: marina.ryapolova.1984@mail.ru, item:95507, Class: Запрос лицензии  
27-02-2022 20:43 : DEBUG - Post form: yaska.popova@mail.ru, item:95508, Class: Оформление документов 
27-02-2022 20:43 : DEBUG - Post form: leisan.alfirovna@mail.ru, item:95509, Class: Ошибки в почте 
27-02-2022 20:43 : DEBUG - Post form: zabota@luchznaniy.ru, item:95510, Class: Оформление документов 
27-02-2022 20:43 : DEBUG - Post form: alexey@briefly.ru, item:95511, Class: Вопросы по оплате 
27-02-2022 20:43 : DEBUG - Post form: info@interneturok.ru, item:95512, Class: Вопросы по оплате 
27-02-2022 20:43 : DEBUG - Post form: shkola8min@mail.ru, item:95513, Class: Ошибки в почте 
27-02-2022 20:43 : DEBUG - Post form: szabo.tamas@bk.ru, item:95514, Class: Оформление документов 
27-02-2022 20:43 : DEBUG - Post form: sale3@sfera-uspeha.ru, item:95515, Class: Сертификат 
27-02-2022 20:43 : DEBUG - Post form: izmailikha_prim@mail.ru, item:95516, Class: Материалы курсов 
27-02-2022 20:43 : DEBUG - Post form: arkusha.darya95@mail.ru, item:95517, Class: Общие письма 
27-02-2022 20:43 : DEBUG - Post form: gnusina1968@mail.ru, item:95518, Class: Ошибка оплаты 
27-02-2022 20:43 : DEBUG - Post form: gnusina1968@mail.ru, item:95519, Class: Ошибка оплаты 
27-02-2022 20:43 : DEBUG - Post form: lena.fetisova.61@mail.ru, item:95520, Class: Ошибка оплаты 
27-02-2022 20:43 : DEBUG - Post form: yuliya_agafonova@bk.ru, item:95521, Class: Тестирование 
27-02-2022 20:43 : DEBUG - Post form: megadrakon52@mail.ru, item:95522, Class: Общие письма 
27-02-2022 20:43 : DEBUG - Post form: lena.fetisova.61@mail.ru, item:95523, Class: Сборник 
27-02-2022 20:43 : DEBUG - Post form: zabota@luchznaniy.ru, item:95524, Class: Ошибки в почте 
27-02-2022 20:43 : DEBUG - Post form: nagimova567@mail.ru, item:95525, Class: Личный кабинет 
27-02-2022 20:43 : DEBUG - Post form: olga-ter@mail.ru, item:95526, Class: Общие письма 
27-02-2022 20:43 : DEBUG - Post form: tszh127@mail.ru, item:95527, Class: Ошибки в почте 
27-02-2022 20:43 : DEBUG - Class: Технические вопросы, was added
27-02-2022 20:43 : DEBUG - Post form: tszh127@mail.ru, item:95528, Class: Технические вопросы 
27-02-2022 20:43 : DEBUG - Post form: butuzova-e@mail.ru, item:95529, Class: Смена курса 
27-02-2022 20:43 : DEBUG - Post form: zabota@luchznaniy.ru, item:95530, Class: Ошибки в почте 
27-02-2022 20:43 : DEBUG - Post form: avdeeva-1978@mail.ru, item:95531, Class: Общие письма 
27-02-2022 20:43 : DEBUG - Post form: szabo.tamas@bk.ru, item:95532, Class: Оформление документов 
27-02-2022 20:43 : DEBUG - Post form: vokal89@mail.ru, item:95533, Class: Тестирование 
27-02-2022 20:43 : DEBUG - Post form: tszh127@mail.ru, item:95534, Class: Ошибка оплаты 
27-02-2022 20:43 : DEBUG - Post form: alinaevgen1912@mail.ru, item:95535, Class: Ошибка в оформлении 
27-02-2022 20:43 : DEBUG - Post form: raditsa_kpt@mail.ru, item:95536, Class: Материалы курсов 
27-02-2022 20:43 : DEBUG - Post form: valia.spirina2016@yandex.ru, item:95537, Class: Сертификат 
27-02-2022 20:43 : DEBUG - Post form: tszh127@mail.ru, item:95538, Class: Ошибка оплаты 
27-02-2022 20:43 : DEBUG - Post form: eranskaya2009@mail.ru, item:95539, Class: Ошибка в оформлении 
27-02-2022 20:43 : DEBUG - Post form: irina_7688@list.ru, item:95540, Class: Ошибка оплаты 
27-02-2022 20:43 : DEBUG - Post form: irinaborzilowa@yandex.ru, item:95541, Class: Ошибка оплаты 
27-02-2022 20:43 : DEBUG - Post form: irina_7688@list.ru, item:95542, Class: Ошибка оплаты 
27-02-2022 20:43 : DEBUG - Post form: LANA-SD589@yandex.ru, item:95543, Class: Общие письма 
27-02-2022 20:43 : DEBUG - Post form: gella-9@mail.ru, item:95544, Class: Ошибка оплаты 
27-02-2022 20:43 : DEBUG - Post form: okulintsevamarina@yandex.ru, item:95545, Class: Ошибки в почте 
27-02-2022 20:43 : DEBUG - Post form: dara_radyzhnyi@mail.ru, item:95546, Class: Почтовые отправления 
27-02-2022 20:43 : DEBUG - Post form: eranskaya2009@mail.ru, item:95547, Class: Ошибка оплаты 
27-02-2022 20:43 : DEBUG - Post form: aminetbogus283@gmail.com, item:95548, Class: Адрес 
27-02-2022 20:43 : DEBUG - Post form: valerya.solovieva2017@yandex.ru, item:95549, Class: Ошибка оплаты 
27-02-2022 20:43 : DEBUG - Post form: selishchevskaya@mail.ru, item:95550, Class: Ошибка оплаты 
27-02-2022 20:43 : DEBUG - Post form: baminet@list.ru, item:95551, Class: Тестирование 
27-02-2022 20:43 : DEBUG - Post form: yana11072001y@mail.ru, item:95552, Class: Ошибка оплаты 
27-02-2022 20:43 : DEBUG - Post form: dara_radyzhnyi@mail.ru, item:95553, Class: Ошибка оплаты 
27-02-2022 20:43 : DEBUG - Post form: sneginka2005@yandex.ru, item:95554, Class: Ошибка в оформлении 
27-02-2022 20:43 : DEBUG - Post form: gulnur.83.29@mail.ru, item:95555, Class: Общие письма 
27-02-2022 20:43 : DEBUG - Post form: ken_anas@mail.ru, item:95556, Class: Общие письма 
27-02-2022 20:43 : DEBUG - Post form: endorenko@icloud.com, item:95557, Class: Тестирование 
27-02-2022 20:43 : DEBUG - Post form: endorenko@icloud.com, item:95558, Class: Тестирование 
27-02-2022 20:43 : DEBUG - Post form: s.kazeko@yandex.ru, item:95559, Class: Тестирование 
27-02-2022 20:43 : DEBUG - Post form: sneginka2005@yandex.ru, item:95560, Class: Смена курса 
27-02-2022 20:43 : DEBUG - Post form: jane_bee1@mail.ru, item:95561, Class: Ошибка оплаты 
27-02-2022 20:43 : DEBUG - Post form: merzoevam06gmail.com@mail.ru, item:95562, Class: Ошибка в оформлении 
27-02-2022 20:43 : DEBUG - Post form: irinaborzilowa@yandex.ru, item:95563, Class: Ошибка в оформлении 
27-02-2022 20:43 : DEBUG - Post form: sneginka2005@yandex.ru, item:95564, Class: Тестирование 
27-02-2022 20:43 : DEBUG - Post form: irinaborzilowa@yandex.ru, item:95565, Class: Потеря диплома 
27-02-2022 20:43 : DEBUG - Post form: irinaborzilowa@yandex.ru, item:95566, Class: Ошибка в оформлении 
27-02-2022 20:43 : DEBUG - Post form: ahtyamova-1969@mail.ru, item:95567, Class: Тестирование 
27-02-2022 20:43 : DEBUG - Post form: amgalan_78@mail.ru, item:95568, Class: Почтовые отправления 
27-02-2022 20:43 : DEBUG - Post form: bsshi@mail.ru, item:95569, Class: Общие письма 
27-02-2022 20:43 : DEBUG - Post form: timakris2015@mail.ru, item:95570, Class: Запрос обратной связи 
27-02-2022 20:43 : DEBUG - Post form: irinaborzilowa@yandex.ru, item:95571, Class: Ошибка в оформлении 
27-02-2022 20:44 : DEBUG - Post form: almas-ergenbaev@mail.ru, item:95572, Class: Запрос обратной связи 
27-02-2022 20:44 : DEBUG - Post form: teterin953@gmail.com, item:95573, Class: Общие письма 
27-02-2022 20:44 : DEBUG - Post form: babinadarya1988@mail.ru, item:95574, Class: Ошибка оплаты 
27-02-2022 20:44 : DEBUG - Post form: offline-messages@jivosite.com, item:95575, Class: Ошибка оплаты 
27-02-2022 20:44 : DEBUG - Post form: elena-solina@mail.ru, item:95576, Class: Ошибка в оформлении 
27-02-2022 20:44 : DEBUG - Post form: dnsliudmila@mail.ru, item:95577, Class: Ошибка в оформлении 
27-02-2022 20:44 : DEBUG - Post form: offline-messages@jivosite.com, item:95578, Class: Ошибка оплаты 
27-02-2022 20:44 : DEBUG - Post form: amkmiass@mail.ru, item:95579, Class: Общие письма 
27-02-2022 20:44 : DEBUG - Post form: maslovskaia-lena@mail.ru, item:95580, Class: Общие письма 
27-02-2022 20:44 : DEBUG - Post form: fbajcorova61@gmail.com, item:95581, Class: Ошибки в оформлении 
27-02-2022 20:44 : DEBUG - Post form: tawana88@mail.ru, item:95582, Class: Тестирование 
27-02-2022 20:44 : DEBUG - Post form: fbajcorova61@gmail.com, item:95583, Class: Ошибки в оформлении 
27-02-2022 20:44 : DEBUG - Post form: enigo2011@mail.ru, item:95584, Class: Общие письма 
27-02-2022 20:44 : DEBUG - Post form: el3na75@yandex.ru, item:95585, Class: Ошибка оплаты 
27-02-2022 20:44 : DEBUG - Post form: sredmua@mail.ru, item:95586, Class: Курсы 
27-02-2022 20:44 : DEBUG - Post form: 1982svet@mail.ru, item:95587, Class: Общие письма 
27-02-2022 20:44 : DEBUG - Post form: dariarussa@yandex.ru, item:95588, Class: Вопросы организации 
27-02-2022 20:44 : DEBUG - Post form: kopyltsovvg@ystu.ru, item:95589, Class: Запрос обратной связи 
27-02-2022 20:44 : DEBUG - Post form: irinaborzilowa@yandex.ru, item:95590, Class: Ошибка в оформлении 
27-02-2022 20:44 : DEBUG - Post form: oksanka.gubanova.1981@mail.ru, item:95591, Class: Общие письма 
27-02-2022 20:44 : DEBUG - Post form: olgagarina87@mail.ru, item:95592, Class: Договор 
27-02-2022 20:44 : DEBUG - Post form: olgagarina87@mail.ru, item:95593, Class: Ошибка оплаты 
27-02-2022 20:44 : DEBUG - Post form: amirich007@mail.ru, item:95594, Class: Отзыв о работе 
27-02-2022 20:44 : DEBUG - Post form: inform@yoomoney.ru, item:95595, Class: Ошибка оплаты 
27-02-2022 20:44 : DEBUG - Post form: olgagarina87@mail.ru, item:95596, Class: Ошибка оплаты 
27-02-2022 20:44 : DEBUG - Post form: offline-messages@jivosite.com, item:95597, Class: Ошибка оплаты 
27-02-2022 20:44 : DEBUG - Post form: stas-0576@mail.ru, item:95598, Class: Общие письма 
27-02-2022 20:44 : DEBUG - Post form: olgagarina87@mail.ru, item:95599, Class: Ошибка оплаты 
27-02-2022 20:44 : DEBUG - Post form: natalya.smetanina.77@mail.ru, item:95600, Class: Общие письма 
27-02-2022 20:44 : DEBUG - Post form: dariarussa@yandex.ru, item:95601, Class: Курсы 
27-02-2022 20:44 : DEBUG - Post form: k.saltanowa@yandex.ru, item:95602, Class: Только вложения 
27-02-2022 20:44 : DEBUG - Post form: acc_74@mail.ru, item:95603, Class: Общие письма 
27-02-2022 20:44 : DEBUG - Post form: inga.kessler@mail.ru, item:95604, Class: Тестирование 
27-02-2022 20:44 : DEBUG - Post form: mailer-daemon@corp.mail.ru, item:95605, Class: nonreplay emails 
27-02-2022 20:44 : DEBUG - Post form: svetlana_uchitel@mail.ru, item:95606, Class: Ошибка оплаты 
27-02-2022 20:44 : DEBUG - Post form: ulaalzai_2011@mail.ru, item:95607, Class: Общие письма 
27-02-2022 20:44 : DEBUG - Post form: inform@yoomoney.ru, item:95608, Class: Почтовые отправления 
27-02-2022 20:44 : DEBUG - Post form: patokairina@mail.ru, item:95609, Class: Общие письма 
27-02-2022 20:44 : DEBUG - Post form: choice12@mail.ru, item:95610, Class: Общие письма 
27-02-2022 20:44 : DEBUG - Post form: kysn-np@mail.ru, item:95611, Class: Общие письма 
27-02-2022 20:44 : DEBUG - Post form: elvirar86@mail.ru, item:95612, Class: Общие письма 
27-02-2022 20:44 : DEBUG - Post form: gago260881@mail.ru, item:95613, Class: Ошибка оплаты 
27-02-2022 20:44 : DEBUG - Post form: gago260881@mail.ru, item:95614, Class: Ошибка оплаты 
27-02-2022 20:44 : DEBUG - Post form: yuliya-zorina82@mail.ru, item:95615, Class: Курсы 
27-02-2022 20:44 : DEBUG - Post form: special.cab3@yandex.ru, item:95616, Class: Общие письма 
27-02-2022 20:44 : DEBUG - Post form: greta2022@mail.ru, item:95617, Class: Тестирование 
27-02-2022 20:44 : DEBUG - Post form: irina89112739297@yandex.ru, item:95618, Class: Только вложения 
27-02-2022 20:44 : DEBUG - Post form: ninabadm@mail.ru, item:95619, Class: Тестирование 
27-02-2022 20:44 : DEBUG - Post form: alesh.fedorow@mail.ru, item:95620, Class: Общие письма 
27-02-2022 20:44 : DEBUG - Post form: comduh@mail.ru, item:95621, Class: Общие письма 
27-02-2022 20:44 : DEBUG - Post form: klim.sko@mail.ru, item:95622, Class: Общие письма 
27-02-2022 20:44 : DEBUG - Post form: gormakova_49@mail.ru, item:95623, Class: Общие письма 
27-02-2022 20:44 : DEBUG - Post form: sidratka75@mail.ru, item:95624, Class: Общие письма 
27-02-2022 20:44 : DEBUG - Post form: offline-messages@jivosite.com, item:95625, Class: Ошибка оплаты 
27-02-2022 20:44 : DEBUG - Post form: yana.kobelskaya@yandex.ru, item:95626, Class: Ошибка оплаты 
27-02-2022 20:44 : DEBUG - Post form: offline-messages@jivosite.com, item:95627, Class: Ошибка оплаты 
27-02-2022 20:44 : DEBUG - Post form: selena28281@yandex.ru, item:95628, Class: Ошибка оплаты 
27-02-2022 20:44 : DEBUG - Post form: kulyoma.09@mail.ru, item:95629, Class: Запрос обратной связи 
27-02-2022 20:44 : DEBUG - Post form: ipetrischeva@yandex.ru, item:95630, Class: Тестирование 
27-02-2022 20:44 : DEBUG - Post form: borodinaie@yandex.ru, item:95631, Class: Материалы курсов 
27-02-2022 20:44 : DEBUG - Post form: kikonkova@list.ru, item:95632, Class: Общие письма 
27-02-2022 20:44 : DEBUG - Post form: coba.len@mail.ru, item:95633, Class: Общие письма 
27-02-2022 20:44 : DEBUG - Post form: borodinaie@yandex.ru, item:95634, Class: Материалы курсов 
27-02-2022 20:44 : DEBUG - Post form: tatavs8585@mail.ru, item:95635, Class: Общие письма 
27-02-2022 20:44 : DEBUG - Post form: kichigin2002@inbox.ru, item:95636, Class: Общие письма 
27-02-2022 20:44 : DEBUG - Post form: zabota@luchznaniy.ru, item:95637, Class: Ошибки в почте 
27-02-2022 20:44 : DEBUG - Post form: irinastaheeva009@gmail.com, item:95638, Class: Тестирование 
27-02-2022 20:44 : DEBUG - Post form: vadsiz@icloud.com, item:95639, Class: Ошибка оплаты 
27-02-2022 20:44 : DEBUG - Post form: taziay-1977@mail.ru, item:95640, Class: Тестирование 
27-02-2022 20:44 : DEBUG - Post form: t.bazhenova72@mail.ru, item:95641, Class: Общие письма 
27-02-2022 20:44 : DEBUG - Post form: mironova_evm@mail.ru, item:95642, Class: Общие письма 
27-02-2022 20:44 : DEBUG - Post form: golub_svk@mail.ru, item:95643, Class: Общие письма 
27-02-2022 20:44 : DEBUG - Post form: shir_ee@mail.ru, item:95644, Class: Общие письма 
27-02-2022 20:44 : DEBUG - Post form: taziay-1977@mail.ru, item:95645, Class: Ошибка оплаты 
27-02-2022 20:44 : DEBUG - Post form: offline-messages@jivosite.com, item:95646, Class: Ошибка оплаты 
27-02-2022 20:44 : DEBUG - Post form: offline-messages@jivosite.com, item:95647, Class: Ошибка оплаты 
27-02-2022 20:44 : DEBUG - Post form: kufanova.s@yandex.ru, item:95648, Class: Общие письма 
03-03-2022 17:54 : DEBUG - Connect to imap server
03-03-2022 17:54 : DEBUG - Post form: a.v.zlobin@bk.ru, item:95650, Class: Оформление документов 
03-03-2022 17:54 : DEBUG - Post form: el.semenenko5@yandex.ru, item:95651, Class: Оформление документов 
03-03-2022 17:54 : DEBUG - Post form: alenka-000@yandex.ua, item:95652, Class: Общие письма 
03-03-2022 17:54 : DEBUG - Post form: a.v.zlobin@bk.ru, item:95653, Class: Общие письма 
03-03-2022 17:54 : DEBUG - Post form: sad42tuapse@yandex.ru, item:95654, Class: Общие письма 
03-03-2022 17:54 : DEBUG - Post form: galinatereshnekova@yandex.ru, item:95655, Class: Только вложения 
03-03-2022 17:54 : DEBUG - Post form: kommuny16.tsn@ya.ru, item:95656, Class: Только вложения 
03-03-2022 17:54 : DEBUG - Post form: natalya_krivoshe@mail.ru, item:95657, Class: Общие письма 
03-03-2022 17:54 : DEBUG - Post form: borodinaie@yandex.ru, item:95658, Class: Материалы курсов 
03-03-2022 17:54 : DEBUG - Post form: bondarewa.valeria@yandex.ru, item:95659, Class: Общие письма 
03-03-2022 17:54 : DEBUG - Post form: kuleva_60@mail.ru, item:95660, Class: Общие письма 
03-03-2022 17:54 : DEBUG - Post form: a.asrorjon83@mail.ru, item:95661, Class: Тестирование 
03-03-2022 17:55 : DEBUG - Post form: odima_79@mail.ru, item:95662, Class: Ошибки в оформлении 
03-03-2022 17:55 : DEBUG - Post form: offline-messages@jivosite.com, item:95663, Class: Ошибка оплаты 
03-03-2022 17:55 : DEBUG - Post form: anyuta-spring@mail.ru, item:95664, Class: Общие письма 
03-03-2022 17:55 : DEBUG - Post form: ebatasov@mail.ru, item:95665, Class: Общие письма 
03-03-2022 17:55 : DEBUG - Post form: detskiisad55_2011@mail.ru, item:95667, Class: Общие письма 
03-03-2022 17:55 : DEBUG - Post form: natastile@mail.ru, item:95668, Class: Общие письма 
03-03-2022 17:55 : DEBUG - Post form: adamoveugene@gmail.com, item:95669, Class: Оформление документов 
03-03-2022 17:55 : DEBUG - Post form: gsarsembaeva53@gmail.com, item:95670, Class: Изменение анкетных данных 
03-03-2022 17:55 : DEBUG - Post form: mkv2.6@mail.ru, item:95671, Class: Отзыв о работе 
03-03-2022 17:55 : DEBUG - Post form: sarsembaeva.alia@yandex.ru, item:95672, Class: Запрос лицензии  
03-03-2022 17:55 : DEBUG - Post form: sarsembaeva.alia@yandex.ru, item:95673, Class: Тестирование 
03-03-2022 17:55 : DEBUG - Post form: ilvera.02.72@mail.ru, item:95674, Class: Общие письма 
03-03-2022 17:55 : DEBUG - Post form: paymentcenter@yoomoney.ru, item:95675, Class: Только вложения 
03-03-2022 17:55 : DEBUG - Post form: paymentcenter@yoomoney.ru, item:95676, Class: Только вложения 
03-03-2022 17:55 : DEBUG - Post form: paymentcenter@yoomoney.ru, item:95677, Class: Только вложения 
03-03-2022 17:55 : DEBUG - Post form: paymentcenter@yoomoney.ru, item:95678, Class: Только вложения 
03-03-2022 17:55 : DEBUG - Post form: paymentcenter@yoomoney.ru, item:95679, Class: Только вложения 
03-03-2022 17:55 : DEBUG - Post form: paymentcenter@yoomoney.ru, item:95680, Class: Только вложения 
03-03-2022 17:55 : DEBUG - Post form: paymentcenter@yoomoney.ru, item:95681, Class: Только вложения 
03-03-2022 17:55 : DEBUG - Post form: paymentcenter@yoomoney.ru, item:95682, Class: Только вложения 
03-03-2022 17:55 : DEBUG - Post form: paymentcenter@yoomoney.ru, item:95683, Class: Только вложения 
03-03-2022 17:55 : DEBUG - Post form: paymentcenter@yoomoney.ru, item:95684, Class: Только вложения 
03-03-2022 17:55 : DEBUG - Post form: paymentcenter@yoomoney.ru, item:95685, Class: Только вложения 
03-03-2022 17:55 : DEBUG - Post form: paymentcenter@yoomoney.ru, item:95686, Class: Только вложения 
03-03-2022 17:55 : DEBUG - Post form: akjol.003kgkg@gmail.com, item:95687, Class: Общие письма 
03-03-2022 17:55 : DEBUG - Post form: paymentcenter@yoomoney.ru, item:95688, Class: Только вложения 
03-03-2022 17:55 : DEBUG - Post form: guldana1110@mail.ru, item:95689, Class: Тестирование 
03-03-2022 17:55 : DEBUG - Post form: paymentcenter@yoomoney.ru, item:95690, Class: Только вложения 
03-03-2022 17:55 : DEBUG - Post form: paymentcenter@yoomoney.ru, item:95691, Class: Только вложения 
03-03-2022 17:55 : DEBUG - Post form: paymentcenter@yoomoney.ru, item:95692, Class: Только вложения 
03-03-2022 17:55 : DEBUG - Post form: paymentcenter@yoomoney.ru, item:95693, Class: Только вложения 
03-03-2022 17:55 : DEBUG - Post form: 205755khv@gmail.com, item:95694, Class: Тестирование 
03-03-2022 17:55 : DEBUG - Post form: sveta_gavrilov@mail.ru, item:95695, Class: Тестирование 
03-03-2022 17:55 : DEBUG - Post form: paymentcenter@yoomoney.ru, item:95696, Class: Только вложения 
03-03-2022 17:55 : DEBUG - Post form: paymentcenter@yoomoney.ru, item:95697, Class: Только вложения 
03-03-2022 17:55 : DEBUG - Post form: paymentcenter@yoomoney.ru, item:95698, Class: Только вложения 
03-03-2022 17:55 : DEBUG - Post form: paymentcenter@yoomoney.ru, item:95699, Class: Только вложения 
03-03-2022 17:55 : DEBUG - Post form: jane_bee1@mail.ru, item:95700, Class: Ошибка оплаты 
03-03-2022 17:55 : DEBUG - Post form: kirillraskov60@gmail.com, item:95701, Class: Вопросы организации 
03-03-2022 17:55 : DEBUG - Post form: kirillraskov60@gmail.com, item:95702, Class: Вопросы организации 
03-03-2022 17:55 : DEBUG - Post form: marinapropp@mail.ru, item:95703, Class: Общие письма 
03-03-2022 17:55 : DEBUG - Post form: zabota@luchznaniy.ru, item:95704, Class: Ошибки в почте 
03-03-2022 17:55 : DEBUG - Post form: paymentcenter@yoomoney.ru, item:95705, Class: Только вложения 
03-03-2022 17:55 : DEBUG - Post form: tigr_boss_96@mail.ru, item:95706, Class: Потеря сертификатов 
03-03-2022 17:55 : DEBUG - Post form: lilia_4400@mail.ru, item:95707, Class: Потеря диплома 
03-03-2022 17:55 : DEBUG - Post form: paymentcenter@yoomoney.ru, item:95708, Class: Только вложения 
03-03-2022 17:55 : DEBUG - Post form: akim89973@gmail.com, item:95709, Class: Потеря диплома 
03-03-2022 17:55 : DEBUG - Post form: paymentcenter@yoomoney.ru, item:95710, Class: Только вложения 
03-03-2022 17:55 : DEBUG - Post form: kazbekova_1970@mail.ru, item:95711, Class: Общие письма 
03-03-2022 17:55 : DEBUG - Post form: nata19711506@mail.ru, item:95712, Class: Почтовые отправления 
03-03-2022 17:55 : DEBUG - Post form: paymentcenter@yoomoney.ru, item:95713, Class: Только вложения 
03-03-2022 17:55 : DEBUG - Post form: paymentcenter@yoomoney.ru, item:95714, Class: Только вложения 
03-03-2022 17:55 : DEBUG - Post form: romafrol.13@mail.ru, item:95715, Class: Общие письма 
03-03-2022 17:55 : DEBUG - Post form: dara_radyzhnyi@mail.ru, item:95716, Class: Ошибка оплаты 
03-03-2022 17:57 : DEBUG - Connect to imap server
03-03-2022 17:57 : DEBUG - Post form: arefieva_maria@mail.ru, item:95718, Class: Ошибка оплаты 
03-03-2022 17:57 : DEBUG - Post form: marinavasukova@bk.ru, item:95719, Class: Общие письма 
03-03-2022 17:57 : DEBUG - Post form: haliullina.tanechka@yandex.ru, item:95720, Class: Сборник 
03-03-2022 17:57 : DEBUG - Post form: manager@venyoo.ru, item:95721, Class: Запрос обратной связи 
03-03-2022 17:57 : DEBUG - Post form: manager@venyoo.ru, item:95722, Class: Запрос обратной связи 
03-03-2022 17:57 : DEBUG - Post form: 205755khv@gmail.com, item:95723, Class: Ошибки в почте 
03-03-2022 17:57 : DEBUG - Post form: manager@venyoo.ru, item:95724, Class: Запрос обратной связи 
03-03-2022 17:57 : DEBUG - Post form: manager@venyoo.ru, item:95725, Class: Тестирование 
03-03-2022 17:57 : DEBUG - Post form: manager@venyoo.ru, item:95726, Class: Запрос обратной связи 
03-03-2022 17:57 : DEBUG - Post form: kasatkina.i2011@yandex.ru, item:95727, Class: Ошибка оплаты 
03-03-2022 17:57 : DEBUG - Post form: yalaletdinova.re@mail.ru, item:95729, Class: Потеря диплома 
03-03-2022 17:57 : DEBUG - Post form: mr.deti@mail.ru, item:95730, Class: Общие письма 
03-03-2022 17:57 : DEBUG - Post form: nasty-sinitsina_1959@mail.ru, item:95731, Class: Отзыв о работе 
03-03-2022 17:57 : DEBUG - Post form: kokora8@mail.ru, item:95732, Class: Общие письма 
03-03-2022 17:57 : DEBUG - Post form: sgb_k-a@mail.ru, item:95733, Class: Общие письма 
03-03-2022 17:57 : DEBUG - Post form: novikova_fnmt@mail.ru, item:95734, Class: Общие письма 
03-03-2022 17:57 : DEBUG - Post form: offline-messages@jivosite.com, item:95735, Class: Ошибка оплаты 
03-03-2022 17:57 : DEBUG - Class: Вопросы по минисайту, was added
03-03-2022 17:57 : DEBUG - Post form: asd@mail.ru, item:95736, Class: Вопросы по минисайту 
03-03-2022 17:57 : DEBUG - Post form: elenelenlena@mail.ru, item:95737, Class: Общие письма 
03-03-2022 17:57 : DEBUG - Post form: e.sazhin1981@yandex.ru, item:95738, Class: Почтовые отправления 
03-03-2022 17:57 : DEBUG - Post form: info@bonprix.ru, item:95739, Class: Ошибка оплаты 
03-03-2022 17:57 : DEBUG - Post form: anzelazaharova355@gmail.com, item:95740, Class: Запрос обратной связи 
03-03-2022 17:57 : DEBUG - Post form: pospelova.tatyan@mail.ru, item:95741, Class: Общие письма 
03-03-2022 17:57 : DEBUG - Post form: masya.neizvesnaya@mail.ru, item:95742, Class: Общие письма 
03-03-2022 17:57 : DEBUG - Post form: evgeniausckova@yandex.ru, item:95743, Class: Материалы курсов 
03-03-2022 17:57 : DEBUG - Post form: zti1960@mail.ru, item:95744, Class: Ошибка оплаты 
03-03-2022 17:57 : DEBUG - Post form: lelik3535@rambler.ru, item:95745, Class: Запрос обратной связи 
03-03-2022 17:57 : DEBUG - Post form: vokal89@mail.ru, item:95746, Class: Ошибка в оформлении 
03-03-2022 17:57 : DEBUG - Post form: elena_sviridyuk26@mail.ru, item:95747, Class: Общие письма 
